*************************************************************************
*************************************************************************
****** FLASH FILE PARSE LOG ****** audio0.flv
*************************************************************************
*************************************************************************
	
version= 1, type: FLV

************************************************** ScriptDataObject
	onMetaData[0]
	duration= 3.864[sec]
	videocodecid= 0(Unknown)
	audiocodecid= 6(Nellymoser)
	canSeekToEnd: false
	createdby: FMS 3.5
	creationdate: Я 1 07 23:10:42 2010
************************************************** AudioStream
	datasize is 0
************************************************** AudioStream
	AudioFormat: 6(Nellymoser)
	SampleRate= 44100[Hz], SampleBit= 16[bit], Channel: mono
	splnum= 1, timestamp= 00:00:00.000
************************************************** AudioStream
	splnum= 2, timestamp= 00:00:00.046
************************************************** AudioStream
	splnum= 3, timestamp= 00:00:00.093
************************************************** AudioStream
	splnum= 4, timestamp= 00:00:00.141
************************************************** AudioStream
	splnum= 5, timestamp= 00:00:00.187
************************************************** AudioStream
	splnum= 6, timestamp= 00:00:00.233
************************************************** AudioStream
	splnum= 7, timestamp= 00:00:00.280
************************************************** AudioStream
	splnum= 8, timestamp= 00:00:00.326
************************************************** AudioStream
	splnum= 9, timestamp= 00:00:00.376
************************************************** AudioStream
	splnum= 10, timestamp= 00:00:00.422
************************************************** AudioStream
	splnum= 11, timestamp= 00:00:00.468
************************************************** AudioStream
	splnum= 12, timestamp= 00:00:00.517
************************************************** AudioStream
	splnum= 13, timestamp= 00:00:00.563
************************************************** AudioStream
	splnum= 14, timestamp= 00:00:00.609
************************************************** AudioStream
	splnum= 15, timestamp= 00:00:00.657
************************************************** AudioStream
	splnum= 16, timestamp= 00:00:00.703
************************************************** AudioStream
	splnum= 17, timestamp= 00:00:00.749
************************************************** AudioStream
	splnum= 18, timestamp= 00:00:00.799
************************************************** AudioStream
	splnum= 19, timestamp= 00:00:00.845
************************************************** AudioStream
	splnum= 20, timestamp= 00:00:00.891
************************************************** AudioStream
	splnum= 21, timestamp= 00:00:00.938
************************************************** AudioStream
	splnum= 22, timestamp= 00:00:00.984
************************************************** AudioStream
	splnum= 23, timestamp= 00:00:01.031
************************************************** AudioStream
	splnum= 24, timestamp= 00:00:01.077
************************************************** AudioStream
	splnum= 25, timestamp= 00:00:01.124
************************************************** AudioStream
	splnum= 26, timestamp= 00:00:01.170
************************************************** AudioStream
	splnum= 27, timestamp= 00:00:01.216
************************************************** AudioStream
	splnum= 28, timestamp= 00:00:01.263
************************************************** AudioStream
	splnum= 29, timestamp= 00:00:01.309
************************************************** AudioStream
	splnum= 30, timestamp= 00:00:01.356
************************************************** AudioStream
	splnum= 31, timestamp= 00:00:01.402
************************************************** AudioStream
	splnum= 32, timestamp= 00:00:01.449
************************************************** AudioStream
	splnum= 33, timestamp= 00:00:01.495
************************************************** AudioStream
	splnum= 34, timestamp= 00:00:01.542
************************************************** AudioStream
	splnum= 35, timestamp= 00:00:01.588
************************************************** AudioStream
	splnum= 36, timestamp= 00:00:01.634
************************************************** AudioStream
	splnum= 37, timestamp= 00:00:01.681
************************************************** AudioStream
	splnum= 38, timestamp= 00:00:01.727
************************************************** AudioStream
	splnum= 39, timestamp= 00:00:01.774
************************************************** AudioStream
	splnum= 40, timestamp= 00:00:01.820
************************************************** AudioStream
	splnum= 41, timestamp= 00:00:01.867
************************************************** AudioStream
	splnum= 42, timestamp= 00:00:01.913
************************************************** AudioStream
	splnum= 43, timestamp= 00:00:01.959
************************************************** AudioStream
	splnum= 44, timestamp= 00:00:02.006
************************************************** AudioStream
	splnum= 45, timestamp= 00:00:02.052
************************************************** AudioStream
	splnum= 46, timestamp= 00:00:02.099
************************************************** AudioStream
	splnum= 47, timestamp= 00:00:02.145
************************************************** AudioStream
	splnum= 48, timestamp= 00:00:02.192
************************************************** AudioStream
	splnum= 49, timestamp= 00:00:02.238
************************************************** AudioStream
	splnum= 50, timestamp= 00:00:02.285
************************************************** AudioStream
	splnum= 51, timestamp= 00:00:02.331
************************************************** AudioStream
	splnum= 52, timestamp= 00:00:02.377
************************************************** AudioStream
	splnum= 53, timestamp= 00:00:02.424
************************************************** AudioStream
	splnum= 54, timestamp= 00:00:02.470
************************************************** AudioStream
	splnum= 55, timestamp= 00:00:02.517
************************************************** AudioStream
	splnum= 56, timestamp= 00:00:02.563
************************************************** AudioStream
	splnum= 57, timestamp= 00:00:02.610
************************************************** AudioStream
	splnum= 58, timestamp= 00:00:02.656
************************************************** AudioStream
	splnum= 59, timestamp= 00:00:02.703
************************************************** AudioStream
	splnum= 60, timestamp= 00:00:02.749
************************************************** AudioStream
	splnum= 61, timestamp= 00:00:02.795
************************************************** AudioStream
	splnum= 62, timestamp= 00:00:02.842
************************************************** AudioStream
	splnum= 63, timestamp= 00:00:02.888
************************************************** AudioStream
	splnum= 64, timestamp= 00:00:02.935
************************************************** AudioStream
	splnum= 65, timestamp= 00:00:02.981
************************************************** AudioStream
	splnum= 66, timestamp= 00:00:03.028
************************************************** AudioStream
	splnum= 67, timestamp= 00:00:03.074
************************************************** AudioStream
	splnum= 68, timestamp= 00:00:03.120
************************************************** AudioStream
	splnum= 69, timestamp= 00:00:03.167
************************************************** AudioStream
	splnum= 70, timestamp= 00:00:03.213
************************************************** AudioStream
	splnum= 71, timestamp= 00:00:03.260
************************************************** AudioStream
	splnum= 72, timestamp= 00:00:03.306
************************************************** AudioStream
	splnum= 73, timestamp= 00:00:03.353
************************************************** AudioStream
	splnum= 74, timestamp= 00:00:03.399
************************************************** AudioStream
	splnum= 75, timestamp= 00:00:03.446
************************************************** AudioStream
	splnum= 76, timestamp= 00:00:03.492
************************************************** AudioStream
	splnum= 77, timestamp= 00:00:03.538
************************************************** AudioStream
	splnum= 78, timestamp= 00:00:03.585
************************************************** AudioStream
	splnum= 79, timestamp= 00:00:03.631
************************************************** AudioStream
	splnum= 80, timestamp= 00:00:03.678
************************************************** AudioStream
	splnum= 81, timestamp= 00:00:03.724
************************************************** AudioStream
	splnum= 82, timestamp= 00:00:03.771
************************************************** AudioStream
	splnum= 83, timestamp= 00:00:03.817
************************************************** AudioStream
	splnum= 84, timestamp= 00:00:03.864
************************************************** AudioStream
	datasize is 0
************************************************** EndFrame

	TotalAudioSplNum= 84, TotalAudioTime= 00:00:03:910

	AudioBitrate= 88.00[kbps]
